2023-02-22 16:10:38.677  INFO 1860 --- [main] c.e.T.PassengerProjectApplication        : Starting PassengerProjectApplication using Java 11.0.16.1 on DESKTOP-PV9G86G with PID 1860 (D:\kh_ workspaces\passenger_project\target\classes started by gawad in D:\kh_ workspaces\passenger_project)
2023-02-22 16:10:38.845  INFO 1860 --- [main] c.e.T.PassengerProjectApplication        : No active profile set, falling back to 1 default profile: "default"
2023-02-22 16:10:42.259  INFO 1860 --- [main] .s.d.r.c.RepositoryConfigurationDelegate : Multiple Spring Data modules found, entering strict repository configuration mode
2023-02-22 16:10:42.263  INFO 1860 --- [main] .s.d.r.c.RepositoryConfigurationDelegate : Bootstrapping Spring Data JDBC repositories in DEFAULT mode.
2023-02-22 16:10:42.438  INFO 1860 --- [main] .RepositoryConfigurationExtensionSupport : Spring Data JDBC - Could not safely identify store assignment for repository candidate interface com.example.Titanic_project.Database.Repository.personRepository; If you want this repository to be a JDBC repository, consider annotating your entities with one of these annotations: org.springframework.data.relational.core.mapping.Table.
2023-02-22 16:10:42.441  INFO 1860 --- [main] .s.d.r.c.RepositoryConfigurationDelegate : Finished Spring Data repository scanning in 157 ms. Found 0 JDBC repository interfaces.
2023-02-22 16:10:42.471  INFO 1860 --- [main] .s.d.r.c.RepositoryConfigurationDelegate : Multiple Spring Data modules found, entering strict repository configuration mode
2023-02-22 16:10:42.471  INFO 1860 --- [main] .s.d.r.c.RepositoryConfigurationDelegate : Bootstrapping Spring Data JPA repositories in DEFAULT mode.
2023-02-22 16:10:42.638  INFO 1860 --- [main] .s.d.r.c.RepositoryConfigurationDelegate : Finished Spring Data repository scanning in 136 ms. Found 1 JPA repository interfaces.
2023-02-22 16:10:45.146  INFO 1860 --- [main] o.s.b.w.embedded.tomcat.TomcatWebServer  : Tomcat initialized with port(s): 8080 (http)
2023-02-22 16:10:45.199  INFO 1860 --- [main] o.apache.catalina.core.StandardService   : Starting service [Tomcat]
2023-02-22 16:10:45.200  INFO 1860 --- [main] org.apache.catalina.core.StandardEngine  : Starting Servlet engine: [Apache Tomcat/9.0.68]
2023-02-22 16:10:46.041  INFO 1860 --- [main] o.a.c.c.C.[Tomcat].[localhost].[/]       : Initializing Spring embedded WebApplicationContext
2023-02-22 16:10:46.044  INFO 1860 --- [main] w.s.c.ServletWebServerApplicationContext : Root WebApplicationContext: initialization completed in 6911 ms
2023-02-22 16:10:47.070  INFO 1860 --- [main] o.hibernate.jpa.internal.util.LogHelper  : HHH000204: Processing PersistenceUnitInfo [name: default]
2023-02-22 16:10:47.433  INFO 1860 --- [main] org.hibernate.Version                    : HHH000412: Hibernate ORM core version 5.6.12.Final
2023-02-22 16:10:47.874  INFO 1860 --- [main] o.hibernate.annotations.common.Version   : HCANN000001: Hibernate Commons Annotations {5.1.2.Final}
2023-02-22 16:10:48.296  INFO 1860 --- [main] com.zaxxer.hikari.HikariDataSource       : HikariPool-1 - Starting...
2023-02-22 16:10:54.724  INFO 1860 --- [main] com.zaxxer.hikari.HikariDataSource       : HikariPool-1 - Start completed.
2023-02-22 16:10:54.934  INFO 1860 --- [main] org.hibernate.dialect.Dialect            : HHH000400: Using dialect: org.hibernate.dialect.MySQL8Dialect
2023-02-22 16:10:59.240  INFO 1860 --- [main] o.h.e.t.j.p.i.JtaPlatformInitiator       : HHH000490: Using JtaPlatform implementation: [org.hibernate.engine.transaction.jta.platform.internal.NoJtaPlatform]
2023-02-22 16:10:59.283  INFO 1860 --- [main] j.LocalContainerEntityManagerFactoryBean : Initialized JPA EntityManagerFactory for persistence unit 'default'
2023-02-22 16:11:00.659  WARN 1860 --- [main] JpaBaseConfiguration$JpaWebConfiguration : spring.jpa.open-in-view is enabled by default. Therefore, database queries may be performed during view rendering. Explicitly configure spring.jpa.open-in-view to disable this warning
2023-02-22 16:11:00.965  INFO 1860 --- [main] pertySourcedRequestMappingHandlerMapping : Mapped URL path [/v2/api-docs] onto method [springfox.documentation.swagger2.web.Swagger2Controller#getDocumentation(String, HttpServletRequest)]
2023-02-22 16:11:01.697  INFO 1860 --- [main] o.s.b.w.embedded.tomcat.TomcatWebServer  : Tomcat started on port(s): 8080 (http) with context path ''
2023-02-22 16:11:01.698  INFO 1860 --- [main] d.s.w.p.DocumentationPluginsBootstrapper : Context refreshed
2023-02-22 16:11:02.022  INFO 1860 --- [main] d.s.w.p.DocumentationPluginsBootstrapper : Found 1 custom documentation plugin(s)
2023-02-22 16:11:02.310  INFO 1860 --- [main] s.d.s.w.s.ApiListingReferenceScanner     : Scanning for api listing references
2023-02-22 16:11:02.992  INFO 1860 --- [main] c.e.T.PassengerProjectApplication        : Started PassengerProjectApplication in 26.431 seconds (JVM running for 27.866)
2023-02-22 16:11:34.861  INFO 1860 --- [SpringApplicationShutdownHook] j.LocalContainerEntityManagerFactoryBean : Closing JPA EntityManagerFactory for persistence unit 'default'
2023-02-22 16:11:34.864  INFO 1860 --- [SpringApplicationShutdownHook] com.zaxxer.hikari.HikariDataSource       : HikariPool-1 - Shutdown initiated...
2023-02-22 16:11:34.955  INFO 1860 --- [SpringApplicationShutdownHook] com.zaxxer.hikari.HikariDataSource       : HikariPool-1 - Shutdown completed.
